# JRE version: OpenJDK Runtime Environment (8.0_152-b01) (build 1.8.0_152-release-1343-b01)
# Java VM: OpenJDK 64-Bit Server VM (25.152-b01 mixed mode windows-amd64 compressed oops)
Heap:
 PSYoungGen      total 97792K, used 54193K [0x00000000e0000000, 0x00000000e6d00000, 0x0000000100000000)
  eden space 87552K, 61% used [0x00000000e0000000,0x00000000e34ec528,0x00000000e5580000)
  from space 10240K, 0% used [0x00000000e6100000,0x00000000e6100000,0x00000000e6b00000)
  to   space 11776K, 0% used [0x00000000e5580000,0x00000000e5580000,0x00000000e6100000)
 ParOldGen       total 111104K, used 17878K [0x00000000a0000000, 0x00000000a6c80000, 0x00000000e0000000)
  object space 111104K, 16% used [0x00000000a0000000,0x00000000a1175848,0x00000000a6c80000)
 Metaspace       used 41622K, capacity 42644K, committed 42880K, reserved 1085440K
  class space    used 5614K, capacity 5926K, committed 6016K, reserved 1048576K
GC Heap History (10 events):
Event: 6.761 GC heap before
{Heap before GC invocations=6 (full 1):
 PSYoungGen      total 69120K, used 5091K [0x00000000e0000000, 0x00000000e5080000, 0x0000000100000000)
  eden space 64000K, 0% used [0x00000000e0000000,0x00000000e0000000,0x00000000e3e80000)
  from space 5120K, 99% used [0x00000000e4080000,0x00000000e4578d40,0x00000000e4580000)
  to   space 9216K, 0% used [0x00000000e4780000,0x00000000e4780000,0x00000000e5080000)
 ParOldGen       total 87552K, used 10563K [0x00000000a0000000, 0x00000000a5580000, 0x00000000e0000000)
  object space 87552K, 12% used [0x00000000a0000000,0x00000000a0a50ef0,0x00000000a5580000)
 Metaspace       used 20615K, capacity 21044K, committed 21296K, reserved 1067008K
  class space    used 2914K, capacity 3087K, committed 3200K, reserved 1048576K
Event: 6.854 GC heap after
Heap after GC invocations=6 (full 1):
 PSYoungGen      total 69120K, used 0K [0x00000000e0000000, 0x00000000e5080000, 0x0000000100000000)
  eden space 64000K, 0% used [0x00000000e0000000,0x00000000e0000000,0x00000000e3e80000)
  from space 5120K, 0% used [0x00000000e4080000,0x00000000e4080000,0x00000000e4580000)
  to   space 9216K, 0% used [0x00000000e4780000,0x00000000e4780000,0x00000000e5080000)
 ParOldGen       total 70144K, used 10481K [0x00000000a0000000, 0x00000000a4480000, 0x00000000e0000000)
  object space 70144K, 14% used [0x00000000a0000000,0x00000000a0a3c778,0x00000000a4480000)
 Metaspace       used 20615K, capacity 21044K, committed 21296K, reserved 1067008K
  class space    used 2914K, capacity 3087K, committed 3200K, reserved 1048576K
}
Event: 8.201 GC heap before
{Heap before GC invocations=7 (full 1):
 PSYoungGen      total 69120K, used 64000K [0x00000000e0000000, 0x00000000e5080000, 0x0000000100000000)
  eden space 64000K, 100% used [0x00000000e0000000,0x00000000e3e80000,0x00000000e3e80000)
  from space 5120K, 0% used [0x00000000e4080000,0x00000000e4080000,0x00000000e4580000)
  to   space 9216K, 0% used [0x00000000e4780000,0x00000000e4780000,0x00000000e5080000)
 ParOldGen       total 70144K, used 10481K [0x00000000a0000000, 0x00000000a4480000, 0x00000000e0000000)
  object space 70144K, 14% used [0x00000000a0000000,0x00000000a0a3c778,0x00000000a4480000)
 Metaspace       used 27853K, capacity 28378K, committed 28672K, reserved 1073152K
  class space    used 3808K, capacity 3991K, committed 4096K, reserved 1048576K
Event: 8.211 GC heap after
Heap after GC invocations=7 (full 1):
 PSYoungGen      total 73216K, used 7202K [0x00000000e0000000, 0x00000000e6980000, 0x0000000100000000)
  eden space 64000K, 0% used [0x00000000e0000000,0x00000000e0000000,0x00000000e3e80000)
  from space 9216K, 78% used [0x00000000e4780000,0x00000000e4e88b50,0x00000000e5080000)
  to   space 9216K, 0% used [0x00000000e3e80000,0x00000000e3e80000,0x00000000e4780000)
 ParOldGen       total 70144K, used 10489K [0x00000000a0000000, 0x00000000a4480000, 0x00000000e0000000)
  object space 70144K, 14% used [0x00000000a0000000,0x00000000a0a3e778,0x00000000a4480000)
 Metaspace       used 27853K, capacity 28378K, committed 28672K, reserved 1073152K
  class space    used 3808K, capacity 3991K, committed 4096K, reserved 1048576K
}
Event: 10.197 GC heap before
{Heap before GC invocations=8 (full 1):
 PSYoungGen      total 73216K, used 71202K [0x00000000e0000000, 0x00000000e6980000, 0x0000000100000000)
  eden space 64000K, 100% used [0x00000000e0000000,0x00000000e3e80000,0x00000000e3e80000)
  from space 9216K, 78% used [0x00000000e4780000,0x00000000e4e88b50,0x00000000e5080000)
  to   space 9216K, 0% used [0x00000000e3e80000,0x00000000e3e80000,0x00000000e4780000)
 ParOldGen       total 70144K, used 10489K [0x00000000a0000000, 0x00000000a4480000, 0x00000000e0000000)
  object space 70144K, 14% used [0x00000000a0000000,0x00000000a0a3e778,0x00000000a4480000)
 Metaspace       used 32019K, capacity 32666K, committed 32768K, reserved 1077248K
  class space    used 4374K, capacity 4580K, committed 4608K, reserved 1048576K
Event: 10.212 GC heap after
Heap after GC invocations=8 (full 1):
 PSYoungGen      total 73216K, used 9145K [0x00000000e0000000, 0x00000000e6b00000, 0x0000000100000000)
  eden space 64000K, 0% used [0x00000000e0000000,0x00000000e0000000,0x00000000e3e80000)
  from space 9216K, 99% used [0x00000000e3e80000,0x00000000e476e728,0x00000000e4780000)
  to   space 10240K, 0% used [0x00000000e6100000,0x00000000e6100000,0x00000000e6b00000)
 ParOldGen       total 70144K, used 10497K [0x00000000a0000000, 0x00000000a4480000, 0x00000000e0000000)
  object space 70144K, 14% used [0x00000000a0000000,0x00000000a0a40778,0x00000000a4480000)
 Metaspace       used 32019K, capacity 32666K, committed 32768K, reserved 1077248K
  class space    used 4374K, capacity 4580K, committed 4608K, reserved 1048576K
}
Event: 12.065 GC heap before
{Heap before GC invocations=9 (full 1):
 PSYoungGen      total 73216K, used 71978K [0x00000000e0000000, 0x00000000e6b00000, 0x0000000100000000)
  eden space 64000K, 98% used [0x00000000e0000000,0x00000000e3d5c4b0,0x00000000e3e80000)
  from space 9216K, 99% used [0x00000000e3e80000,0x00000000e476e728,0x00000000e4780000)
  to   space 10240K, 0% used [0x00000000e6100000,0x00000000e6100000,0x00000000e6b00000)
 ParOldGen       total 70144K, used 10497K [0x00000000a0000000, 0x00000000a4480000, 0x00000000e0000000)
  object space 70144K, 14% used [0x00000000a0000000,0x00000000a0a40778,0x00000000a4480000)
 Metaspace       used 34561K, capacity 35386K, committed 35496K, reserved 1079296K
  class space    used 4759K, capacity 5039K, committed 5120K, reserved 1048576K
Event: 12.078 GC heap after
Heap after GC invocations=9 (full 1):
 PSYoungGen      total 97792K, used 10238K [0x00000000e0000000, 0x00000000e6d00000, 0x0000000100000000)
  eden space 87552K, 0% used [0x00000000e0000000,0x00000000e0000000,0x00000000e5580000)
  from space 10240K, 99% used [0x00000000e6100000,0x00000000e6affba0,0x00000000e6b00000)
  to   space 11776K, 0% used [0x00000000e5580000,0x00000000e5580000,0x00000000e6100000)
 ParOldGen       total 70144K, used 11150K [0x00000000a0000000, 0x00000000a4480000, 0x00000000e0000000)
  object space 70144K, 15% used [0x00000000a0000000,0x00000000a0ae39b0,0x00000000a4480000)
 Metaspace       used 34561K, capacity 35386K, committed 35496K, reserved 1079296K
  class space    used 4759K, capacity 5039K, committed 5120K, reserved 1048576K
}
Event: 12.078 GC heap before
{Heap before GC invocations=10 (full 2):
 PSYoungGen      total 97792K, used 10238K [0x00000000e0000000, 0x00000000e6d00000, 0x0000000100000000)
  eden space 87552K, 0% used [0x00000000e0000000,0x00000000e0000000,0x00000000e5580000)
  from space 10240K, 99% used [0x00000000e6100000,0x00000000e6affba0,0x00000000e6b00000)
  to   space 11776K, 0% used [0x00000000e5580000,0x00000000e5580000,0x00000000e6100000)
 ParOldGen       total 70144K, used 11150K [0x00000000a0000000, 0x00000000a4480000, 0x00000000e0000000)
  object space 70144K, 15% used [0x00000000a0000000,0x00000000a0ae39b0,0x00000000a4480000)
 Metaspace       used 34561K, capacity 35386K, committed 35496K, reserved 1079296K
  class space    used 4759K, capacity 5039K, committed 5120K, reserved 1048576K
Event: 12.164 GC heap after
Heap after GC invocations=10 (full 2):
 PSYoungGen      total 97792K, used 0K [0x00000000e0000000, 0x00000000e6d00000, 0x0000000100000000)
  eden space 87552K, 0% used [0x00000000e0000000,0x00000000e0000000,0x00000000e5580000)
  from space 10240K, 0% used [0x00000000e6100000,0x00000000e6100000,0x00000000e6b00000)
  to   space 11776K, 0% used [0x00000000e5580000,0x00000000e5580000,0x00000000e6100000)
 ParOldGen       total 111104K, used 17878K [0x00000000a0000000, 0x00000000a6c80000, 0x00000000e0000000)
  object space 111104K, 16% used [0x00000000a0000000,0x00000000a1175848,0x00000000a6c80000)
 Metaspace       used 34551K, capacity 35356K, committed 35496K, reserved 1079296K
  class space    used 4756K, capacity 5034K, committed 5120K, reserved 1048576K
}

